Arguments: 
  /Users/notekunn/.nvm/versions/node/v16.15.1/bin/node /usr/local/bin/yarn add -DW @notekunn/prettier-config

PATH: 
  /usr/local/opt/libpq/bin:/Users/notekunn/.nvm/versions/node/v16.15.1/bin:/usr/local/bin:/usr/bin:/bin:/usr/sbin:/sbin:/usr/local/go/bin:/usr/local/share/dotnet:~/.dotnet/tools:/Library/Apple/usr/bin:/Library/Frameworks/Mono.framework/Versions/Current/Commands:/usr/local/opt/libpq/bin:/Users/notekunn/.nvm/versions/node/v16.15.1/bin:/Users/notekunn/.cargo/bin:/Users/notekunn/.local/bin:/Users/notekunn/go:/Users/notekunn/.local/bin:/Users/notekunn/go:/usr/local/go/bin

Yarn version: 
  1.22.17

Node version: 
  16.15.1

Platform: 
  darwin x64

Trace: 
  Error: https://npm.pkg.github.com/@notekunn%2fprettier-config: npm package "prettier-config" does not exist under owner "notekunn"
      at Request.params.callback [as _callback] (/usr/local/lib/node_modules/yarn/lib/cli.js:67029:18)
      at Request.self.callback (/usr/local/lib/node_modules/yarn/lib/cli.js:140883:22)
      at Request.emit (node:events:527:28)
      at Request.<anonymous> (/usr/local/lib/node_modules/yarn/lib/cli.js:141855:10)
      at Request.emit (node:events:527:28)
      at IncomingMessage.<anonymous> (/usr/local/lib/node_modules/yarn/lib/cli.js:141777:12)
      at Object.onceWrapper (node:events:641:28)
      at IncomingMessage.emit (node:events:539:35)
      at endReadableNT (node:internal/streams/readable:1345:12)
      at processTicksAndRejections (node:internal/process/task_queues:83:21)

npm manifest: 
  {
    "name": "@notekunn/momo-workspaces",
    "private": true,
    "author": "DC <cuong.nl5.kma@gmail.com>",
    "license": "MIT",
    "repository": "git@github.com:Notekunn/momo-workspaces.git",
    "packages": [
      "libraries/*"
    ],
    "devDependencies": {
      "lerna": "^4.0.0"
    }
  }

yarn manifest: 
  No manifest

Lockfile: 
  No lockfile
